[debug] [2020-09-19T10:59:49.165Z] ----------------------------------------------------------------------
[debug] [2020-09-19T10:59:49.168Z] Command:       C:\Program Files\nodejs\node.exe C:\Users\gundu\AppData\Roaming\npm\node_modules\firebase-tools\lib\bin\firebase.js emulators:start
[debug] [2020-09-19T10:59:49.168Z] CLI Version:   8.10.0
[debug] [2020-09-19T10:59:49.168Z] Platform:      win32
[debug] [2020-09-19T10:59:49.168Z] Node Version:  v12.13.0
[debug] [2020-09-19T10:59:49.170Z] Time:          Sat Sep 19 2020 13:59:49 GMT+0300 (GMT+03:00)
[debug] [2020-09-19T10:59:49.170Z] ----------------------------------------------------------------------
[debug] [2020-09-19T10:59:49.170Z] 
[debug] [2020-09-19T10:59:49.180Z] > command requires scopes: ["email","openid","https://www.googleapis.com/auth/cloudplatformprojects.readonly","https://www.googleapis.com/auth/firebase","https://www.googleapis.com/auth/cloud-platform"]
[debug] [2020-09-19T10:59:49.181Z] > authorizing via signed-in user
[info] i  emulators: Starting emulators: functions, hosting {"metadata":{"emulator":{"name":"hub"},"message":"Starting emulators: functions, hosting"}}
[debug] [2020-09-19T10:59:51.231Z] [hub] writing locator at C:\Users\gundu\AppData\Local\Temp\hub-clone-bb3a3.json
[warn] !  functions: The following emulators are not running, calls to these services from the Functions emulator will affect production: firestore, database, pubsub {"metadata":{"emulator":{"name":"functions"},"message":"The following emulators are not running, calls to these services from the Functions emulator will affect production: \u001b[1mfirestore, database, pubsub\u001b[22m"}}
[warn] !  Your requested "node" version "10" doesn't match your global version "12" {"metadata":{"emulator":{"name":"functions"},"message":"Your requested \"node\" version \"10\" doesn't match your global version \"12\""}}
[debug] [2020-09-19T10:59:53.289Z] defaultcredentials: writing to file C:\Users\gundu\AppData\Roaming\firebase\alibarangunduzz_gmail_com_application_default_credentials.json
[debug] [2020-09-19T10:59:53.293Z] Setting GAC to C:\Users\gundu\AppData\Roaming\firebase\alibarangunduzz_gmail_com_application_default_credentials.json {"metadata":{"emulator":{"name":"functions"},"message":"Setting GAC to C:\\Users\\gundu\\AppData\\Roaming\\firebase\\alibarangunduzz_gmail_com_application_default_credentials.json"}}
[debug] [2020-09-19T10:59:55.305Z] >>> HTTP REQUEST GET https://firebase.googleapis.com/v1beta1/projects/clone-bb3a3/webApps/-/config  
 
[debug] [2020-09-19T10:59:56.255Z] <<< HTTP RESPONSE 200 {"content-type":"application/json; charset=UTF-8","vary":"X-Origin, Referer, Origin,Accept-Encoding","date":"Sat, 19 Sep 2020 10:59:55 GMT","server":"ESF","cache-control":"private","x-xss-protection":"0","x-frame-options":"SAMEORIGIN","x-content-type-options":"nosniff","alt-svc":"h3-Q050=\":443\"; ma=2592000,h3-29=\":443\"; ma=2592000,h3-27=\":443\"; ma=2592000,h3-T051=\":443\"; ma=2592000,h3-T050=\":443\"; ma=2592000,h3-Q046=\":443\"; ma=2592000,h3-Q043=\":443\"; ma=2592000,quic=\":443\"; ma=2592000; v=\"46,43\"","accept-ranges":"none","transfer-encoding":"chunked"}
[info] i  hosting: Serving hosting files from: build {"metadata":{"emulator":{"name":"hosting"},"message":"Serving hosting files from: \u001b[1mbuild\u001b[22m"}}
[info] +  hosting: Local server: http://localhost:5000 {"metadata":{"emulator":{"name":"hosting"},"message":"Local server: \u001b[4m\u001b[1mhttp://localhost:5000\u001b[22m\u001b[24m"}}
[debug] [2020-09-19T11:00:00.821Z] Ignoring unsupported arg: auto_download {"metadata":{"emulator":{"name":"ui"},"message":"Ignoring unsupported arg: auto_download"}}
[debug] [2020-09-19T11:00:00.822Z] Ignoring unsupported arg: port {"metadata":{"emulator":{"name":"ui"},"message":"Ignoring unsupported arg: port"}}
[debug] [2020-09-19T11:00:00.822Z] Starting Emulator UI with command {"binary":"node","args":["C:\\Users\\gundu\\.cache\\firebase\\emulators\\ui-v1.1.1\\server.bundle.js"],"optionalArgs":[],"joinArgs":false} {"metadata":{"emulator":{"name":"ui"},"message":"Starting Emulator UI with command {\"binary\":\"node\",\"args\":[\"C:\\\\Users\\\\gundu\\\\.cache\\\\firebase\\\\emulators\\\\ui-v1.1.1\\\\server.bundle.js\"],\"optionalArgs\":[],\"joinArgs\":false}"}}
[info] i  ui: Emulator UI logging to ui-debug.log {"metadata":{"emulator":{"name":"ui"},"message":"Emulator UI logging to \u001b[1mui-debug.log\u001b[22m"}}
[debug] [2020-09-19T11:00:00.968Z] Web / API server started at http://localhost:4000
 {"metadata":{"emulator":{"name":"ui"},"message":"Web / API server started at http://localhost:4000\n"}}
[info] i  functions: Watching "C:\Users\gundu\webProjeler2020\amazon-clone\functions" for Cloud Functions... {"metadata":{"emulator":{"name":"functions"},"message":"Watching \"C:\\Users\\gundu\\webProjeler2020\\amazon-clone\\functions\" for Cloud Functions..."}}
[debug] [2020-09-19T11:00:01.346Z] [worker-pool] addWorker(~diagnostic~) {"metadata":{"emulator":{"name":"functions"},"message":"[worker-pool] addWorker(~diagnostic~)"}}
[debug] [2020-09-19T11:00:01.347Z] [worker-pool] Adding worker with key ~diagnostic~, total=1 {"metadata":{"emulator":{"name":"functions"},"message":"[worker-pool] Adding worker with key ~diagnostic~, total=1"}}
[debug] [2020-09-19T11:00:01.347Z] [worker-pool] submitWork(triggerId=) {"metadata":{"emulator":{"name":"functions"},"message":"[worker-pool] submitWork(triggerId=)"}}
[debug] [2020-09-19T11:00:01.348Z] [worker-~diagnostic~-6256fb36-50be-4ef3-bdd3-6c60675ceb1c]: Assigning socketPath: \\?\pipe\C:\Users\gundu\webProjeler2020\amazon-clone\functions\12428 {"metadata":{"emulator":{"name":"functions"},"message":"[worker-~diagnostic~-6256fb36-50be-4ef3-bdd3-6c60675ceb1c]: Assigning socketPath: \\\\?\\pipe\\C:\\Users\\gundu\\webProjeler2020\\amazon-clone\\functions\\12428"}}
[debug] [2020-09-19T11:00:01.348Z] [worker-~diagnostic~-6256fb36-50be-4ef3-bdd3-6c60675ceb1c]: BUSY {"metadata":{"emulator":{"name":"functions"},"message":"[worker-~diagnostic~-6256fb36-50be-4ef3-bdd3-6c60675ceb1c]: BUSY"}}
[debug] [2020-09-19T11:00:01.829Z] [runtime-status] [12428] Functions runtime initialized. {"cwd":"C:\\Users\\gundu\\webProjeler2020\\amazon-clone\\functions","node_version":"12.13.0"} {"metadata":{"emulator":{"name":"functions"},"message":"[runtime-status] [12428] Functions runtime initialized. {\"cwd\":\"C:\\\\Users\\\\gundu\\\\webProjeler2020\\\\amazon-clone\\\\functions\",\"node_version\":\"12.13.0\"}"}}
[debug] [2020-09-19T11:00:01.830Z] [runtime-status] [12428] Disabled runtime features: undefined {"metadata":{"emulator":{"name":"functions"},"message":"[runtime-status] [12428] Disabled runtime features: undefined"}}
[debug] [2020-09-19T11:00:01.833Z] [runtime-status] [12428] Resolved module firebase-admin {"declared":true,"installed":true,"version":"8.13.0","resolution":"C:\\Users\\gundu\\webProjeler2020\\amazon-clone\\functions\\node_modules\\firebase-admin\\lib\\index.js"} {"metadata":{"emulator":{"name":"functions"},"message":"[runtime-status] [12428] Resolved module firebase-admin {\"declared\":true,\"installed\":true,\"version\":\"8.13.0\",\"resolution\":\"C:\\\\Users\\\\gundu\\\\webProjeler2020\\\\amazon-clone\\\\functions\\\\node_modules\\\\firebase-admin\\\\lib\\\\index.js\"}"}}
[debug] [2020-09-19T11:00:01.836Z] [runtime-status] [12428] Resolved module firebase-functions {"declared":true,"installed":true,"version":"3.11.0","resolution":"C:\\Users\\gundu\\webProjeler2020\\amazon-clone\\functions\\node_modules\\firebase-functions\\lib\\index.js"} {"metadata":{"emulator":{"name":"functions"},"message":"[runtime-status] [12428] Resolved module firebase-functions {\"declared\":true,\"installed\":true,\"version\":\"3.11.0\",\"resolution\":\"C:\\\\Users\\\\gundu\\\\webProjeler2020\\\\amazon-clone\\\\functions\\\\node_modules\\\\firebase-functions\\\\lib\\\\index.js\"}"}}
[debug] [2020-09-19T11:00:01.837Z] [runtime-status] [12428] Resolved module firebase-functions {"declared":true,"installed":true,"version":"3.11.0","resolution":"C:\\Users\\gundu\\webProjeler2020\\amazon-clone\\functions\\node_modules\\firebase-functions\\lib\\index.js"} {"metadata":{"emulator":{"name":"functions"},"message":"[runtime-status] [12428] Resolved module firebase-functions {\"declared\":true,\"installed\":true,\"version\":\"3.11.0\",\"resolution\":\"C:\\\\Users\\\\gundu\\\\webProjeler2020\\\\amazon-clone\\\\functions\\\\node_modules\\\\firebase-functions\\\\lib\\\\index.js\"}"}}
[debug] [2020-09-19T11:00:01.839Z] [runtime-status] [12428] Outgoing network have been stubbed. [{"name":"http","status":"mocked"},{"name":"http","status":"mocked"},{"name":"https","status":"mocked"},{"name":"https","status":"mocked"},{"name":"net","status":"mocked"}] {"metadata":{"emulator":{"name":"functions"},"message":"[runtime-status] [12428] Outgoing network have been stubbed. [{\"name\":\"http\",\"status\":\"mocked\"},{\"name\":\"http\",\"status\":\"mocked\"},{\"name\":\"https\",\"status\":\"mocked\"},{\"name\":\"https\",\"status\":\"mocked\"},{\"name\":\"net\",\"status\":\"mocked\"}]"}}
[debug] [2020-09-19T11:00:01.839Z] [runtime-status] [12428] Resolved module firebase-functions {"declared":true,"installed":true,"version":"3.11.0","resolution":"C:\\Users\\gundu\\webProjeler2020\\amazon-clone\\functions\\node_modules\\firebase-functions\\lib\\index.js"} {"metadata":{"emulator":{"name":"functions"},"message":"[runtime-status] [12428] Resolved module firebase-functions {\"declared\":true,\"installed\":true,\"version\":\"3.11.0\",\"resolution\":\"C:\\\\Users\\\\gundu\\\\webProjeler2020\\\\amazon-clone\\\\functions\\\\node_modules\\\\firebase-functions\\\\lib\\\\index.js\"}"}}
[debug] [2020-09-19T11:00:01.889Z] [runtime-status] [12428] Checked functions.config() {"config":{}} {"metadata":{"emulator":{"name":"functions"},"message":"[runtime-status] [12428] Checked functions.config() {\"config\":{}}"}}
[debug] [2020-09-19T11:00:01.890Z] [runtime-status] [12428] firebase-functions has been stubbed. {"functionsResolution":{"declared":true,"installed":true,"version":"3.11.0","resolution":"C:\\Users\\gundu\\webProjeler2020\\amazon-clone\\functions\\node_modules\\firebase-functions\\lib\\index.js"}} {"metadata":{"emulator":{"name":"functions"},"message":"[runtime-status] [12428] firebase-functions has been stubbed. {\"functionsResolution\":{\"declared\":true,\"installed\":true,\"version\":\"3.11.0\",\"resolution\":\"C:\\\\Users\\\\gundu\\\\webProjeler2020\\\\amazon-clone\\\\functions\\\\node_modules\\\\firebase-functions\\\\lib\\\\index.js\"}}"}}
[debug] [2020-09-19T11:00:01.890Z] [runtime-status] [12428] Resolved module firebase-functions {"declared":true,"installed":true,"version":"3.11.0","resolution":"C:\\Users\\gundu\\webProjeler2020\\amazon-clone\\functions\\node_modules\\firebase-functions\\lib\\index.js"} {"metadata":{"emulator":{"name":"functions"},"message":"[runtime-status] [12428] Resolved module firebase-functions {\"declared\":true,\"installed\":true,\"version\":\"3.11.0\",\"resolution\":\"C:\\\\Users\\\\gundu\\\\webProjeler2020\\\\amazon-clone\\\\functions\\\\node_modules\\\\firebase-functions\\\\lib\\\\index.js\"}"}}
[debug] [2020-09-19T11:00:01.892Z] [runtime-status] [12428] Resolved module firebase-admin {"declared":true,"installed":true,"version":"8.13.0","resolution":"C:\\Users\\gundu\\webProjeler2020\\amazon-clone\\functions\\node_modules\\firebase-admin\\lib\\index.js"} {"metadata":{"emulator":{"name":"functions"},"message":"[runtime-status] [12428] Resolved module firebase-admin {\"declared\":true,\"installed\":true,\"version\":\"8.13.0\",\"resolution\":\"C:\\\\Users\\\\gundu\\\\webProjeler2020\\\\amazon-clone\\\\functions\\\\node_modules\\\\firebase-admin\\\\lib\\\\index.js\"}"}}
[debug] [2020-09-19T11:00:01.893Z] [runtime-status] [12428] Resolved module firebase-functions {"declared":true,"installed":true,"version":"3.11.0","resolution":"C:\\Users\\gundu\\webProjeler2020\\amazon-clone\\functions\\node_modules\\firebase-functions\\lib\\index.js"} {"metadata":{"emulator":{"name":"functions"},"message":"[runtime-status] [12428] Resolved module firebase-functions {\"declared\":true,\"installed\":true,\"version\":\"3.11.0\",\"resolution\":\"C:\\\\Users\\\\gundu\\\\webProjeler2020\\\\amazon-clone\\\\functions\\\\node_modules\\\\firebase-functions\\\\lib\\\\index.js\"}"}}
[debug] [2020-09-19T11:00:01.893Z] [runtime-status] [12428] firebase-admin has been stubbed. {"adminResolution":{"declared":true,"installed":true,"version":"8.13.0","resolution":"C:\\Users\\gundu\\webProjeler2020\\amazon-clone\\functions\\node_modules\\firebase-admin\\lib\\index.js"}} {"metadata":{"emulator":{"name":"functions"},"message":"[runtime-status] [12428] firebase-admin has been stubbed. {\"adminResolution\":{\"declared\":true,\"installed\":true,\"version\":\"8.13.0\",\"resolution\":\"C:\\\\Users\\\\gundu\\\\webProjeler2020\\\\amazon-clone\\\\functions\\\\node_modules\\\\firebase-admin\\\\lib\\\\index.js\"}}"}}
[info] +  functions[api]: http function initialized (http://localhost:5001/clone-bb3a3/us-central1/api). {"metadata":{"emulator":{"name":"functions"},"message":"\u001b[1mhttp\u001b[22m function initialized (http://localhost:5001/clone-bb3a3/us-central1/api)."}}
[info] 
┌───────────────────────────────────────────────────────────────────────┐
│ ✔  All emulators ready! View status and logs at http://localhost:4000 │
└───────────────────────────────────────────────────────────────────────┘

┌───────────┬────────────────┬─────────────────────────────────┐
│ Emulator  │ Host:Port      │ View in Emulator UI             │
├───────────┼────────────────┼─────────────────────────────────┤
│ Functions │ localhost:5001 │ http://localhost:4000/functions │
├───────────┼────────────────┼─────────────────────────────────┤
│ Hosting   │ localhost:5000 │ n/a                             │
└───────────┴────────────────┴─────────────────────────────────┘
  Other reserved ports: 4400, 4500

Issues? Report them at https://github.com/firebase/firebase-tools/issues and attach the *-debug.log files.
 
[debug] [2020-09-19T11:00:02.100Z] [worker-~diagnostic~-6256fb36-50be-4ef3-bdd3-6c60675ceb1c]: IDLE {"metadata":{"emulator":{"name":"functions"},"message":"[worker-~diagnostic~-6256fb36-50be-4ef3-bdd3-6c60675ceb1c]: IDLE"}}
[debug] [2020-09-19T11:00:08.810Z] [work-queue] {"queueLength":1,"workRunningCount":0}
[debug] [2020-09-19T11:00:08.811Z] [work-queue] {"queueLength":0,"workRunningCount":1}
[debug] [2020-09-19T11:00:08.811Z] Accepted request GET /clone-bb3a3/us-central1/api --> api
[debug] [2020-09-19T11:00:08.817Z] [worker-pool] addWorker(api) {"metadata":{"emulator":{"name":"functions"},"message":"[worker-pool] addWorker(api)"}}
[debug] [2020-09-19T11:00:08.817Z] [worker-pool] Adding worker with key api, total=1 {"metadata":{"emulator":{"name":"functions"},"message":"[worker-pool] Adding worker with key api, total=1"}}
[debug] [2020-09-19T11:00:08.817Z] [worker-pool] submitWork(triggerId=api) {"metadata":{"emulator":{"name":"functions"},"message":"[worker-pool] submitWork(triggerId=api)"}}
[debug] [2020-09-19T11:00:08.817Z] [worker-api-7bcf87d9-a9c9-4607-8434-ee066f127758]: Assigning socketPath: \\?\pipe\C:\Users\gundu\webProjeler2020\amazon-clone\functions\8864 {"metadata":{"emulator":{"name":"functions"},"message":"[worker-api-7bcf87d9-a9c9-4607-8434-ee066f127758]: Assigning socketPath: \\\\?\\pipe\\C:\\Users\\gundu\\webProjeler2020\\amazon-clone\\functions\\8864"}}
[debug] [2020-09-19T11:00:08.818Z] [worker-api-7bcf87d9-a9c9-4607-8434-ee066f127758]: BUSY {"metadata":{"emulator":{"name":"functions"},"message":"[worker-api-7bcf87d9-a9c9-4607-8434-ee066f127758]: BUSY"}}
[debug] [2020-09-19T11:00:09.411Z] [runtime-status] [8864] Functions runtime initialized. {"cwd":"C:\\Users\\gundu\\webProjeler2020\\amazon-clone\\functions","node_version":"12.13.0"} {"metadata":{"emulator":{"name":"functions"},"function":{"name":"api"},"message":"[runtime-status] [8864] Functions runtime initialized. {\"cwd\":\"C:\\\\Users\\\\gundu\\\\webProjeler2020\\\\amazon-clone\\\\functions\",\"node_version\":\"12.13.0\"}"}}
[debug] [2020-09-19T11:00:09.413Z] [runtime-status] [8864] Disabled runtime features: undefined {"metadata":{"emulator":{"name":"functions"},"function":{"name":"api"},"message":"[runtime-status] [8864] Disabled runtime features: undefined"}}
[debug] [2020-09-19T11:00:09.418Z] [runtime-status] [8864] Resolved module firebase-admin {"declared":true,"installed":true,"version":"8.13.0","resolution":"C:\\Users\\gundu\\webProjeler2020\\amazon-clone\\functions\\node_modules\\firebase-admin\\lib\\index.js"} {"metadata":{"emulator":{"name":"functions"},"function":{"name":"api"},"message":"[runtime-status] [8864] Resolved module firebase-admin {\"declared\":true,\"installed\":true,\"version\":\"8.13.0\",\"resolution\":\"C:\\\\Users\\\\gundu\\\\webProjeler2020\\\\amazon-clone\\\\functions\\\\node_modules\\\\firebase-admin\\\\lib\\\\index.js\"}"}}
[debug] [2020-09-19T11:00:09.420Z] [runtime-status] [8864] Resolved module firebase-functions {"declared":true,"installed":true,"version":"3.11.0","resolution":"C:\\Users\\gundu\\webProjeler2020\\amazon-clone\\functions\\node_modules\\firebase-functions\\lib\\index.js"} {"metadata":{"emulator":{"name":"functions"},"function":{"name":"api"},"message":"[runtime-status] [8864] Resolved module firebase-functions {\"declared\":true,\"installed\":true,\"version\":\"3.11.0\",\"resolution\":\"C:\\\\Users\\\\gundu\\\\webProjeler2020\\\\amazon-clone\\\\functions\\\\node_modules\\\\firebase-functions\\\\lib\\\\index.js\"}"}}
[debug] [2020-09-19T11:00:09.422Z] [runtime-status] [8864] Resolved module firebase-functions {"declared":true,"installed":true,"version":"3.11.0","resolution":"C:\\Users\\gundu\\webProjeler2020\\amazon-clone\\functions\\node_modules\\firebase-functions\\lib\\index.js"} {"metadata":{"emulator":{"name":"functions"},"function":{"name":"api"},"message":"[runtime-status] [8864] Resolved module firebase-functions {\"declared\":true,\"installed\":true,\"version\":\"3.11.0\",\"resolution\":\"C:\\\\Users\\\\gundu\\\\webProjeler2020\\\\amazon-clone\\\\functions\\\\node_modules\\\\firebase-functions\\\\lib\\\\index.js\"}"}}
[debug] [2020-09-19T11:00:09.424Z] [runtime-status] [8864] Outgoing network have been stubbed. [{"name":"http","status":"mocked"},{"name":"http","status":"mocked"},{"name":"https","status":"mocked"},{"name":"https","status":"mocked"},{"name":"net","status":"mocked"}] {"metadata":{"emulator":{"name":"functions"},"function":{"name":"api"},"message":"[runtime-status] [8864] Outgoing network have been stubbed. [{\"name\":\"http\",\"status\":\"mocked\"},{\"name\":\"http\",\"status\":\"mocked\"},{\"name\":\"https\",\"status\":\"mocked\"},{\"name\":\"https\",\"status\":\"mocked\"},{\"name\":\"net\",\"status\":\"mocked\"}]"}}
[debug] [2020-09-19T11:00:09.425Z] [runtime-status] [8864] Resolved module firebase-functions {"declared":true,"installed":true,"version":"3.11.0","resolution":"C:\\Users\\gundu\\webProjeler2020\\amazon-clone\\functions\\node_modules\\firebase-functions\\lib\\index.js"} {"metadata":{"emulator":{"name":"functions"},"function":{"name":"api"},"message":"[runtime-status] [8864] Resolved module firebase-functions {\"declared\":true,\"installed\":true,\"version\":\"3.11.0\",\"resolution\":\"C:\\\\Users\\\\gundu\\\\webProjeler2020\\\\amazon-clone\\\\functions\\\\node_modules\\\\firebase-functions\\\\lib\\\\index.js\"}"}}
[debug] [2020-09-19T11:00:09.492Z] [runtime-status] [8864] Checked functions.config() {"config":{}} {"metadata":{"emulator":{"name":"functions"},"function":{"name":"api"},"message":"[runtime-status] [8864] Checked functions.config() {\"config\":{}}"}}
[debug] [2020-09-19T11:00:09.492Z] [runtime-status] [8864] firebase-functions has been stubbed. {"functionsResolution":{"declared":true,"installed":true,"version":"3.11.0","resolution":"C:\\Users\\gundu\\webProjeler2020\\amazon-clone\\functions\\node_modules\\firebase-functions\\lib\\index.js"}} {"metadata":{"emulator":{"name":"functions"},"function":{"name":"api"},"message":"[runtime-status] [8864] firebase-functions has been stubbed. {\"functionsResolution\":{\"declared\":true,\"installed\":true,\"version\":\"3.11.0\",\"resolution\":\"C:\\\\Users\\\\gundu\\\\webProjeler2020\\\\amazon-clone\\\\functions\\\\node_modules\\\\firebase-functions\\\\lib\\\\index.js\"}}"}}
[debug] [2020-09-19T11:00:09.494Z] [runtime-status] [8864] Resolved module firebase-functions {"declared":true,"installed":true,"version":"3.11.0","resolution":"C:\\Users\\gundu\\webProjeler2020\\amazon-clone\\functions\\node_modules\\firebase-functions\\lib\\index.js"} {"metadata":{"emulator":{"name":"functions"},"function":{"name":"api"},"message":"[runtime-status] [8864] Resolved module firebase-functions {\"declared\":true,\"installed\":true,\"version\":\"3.11.0\",\"resolution\":\"C:\\\\Users\\\\gundu\\\\webProjeler2020\\\\amazon-clone\\\\functions\\\\node_modules\\\\firebase-functions\\\\lib\\\\index.js\"}"}}
[debug] [2020-09-19T11:00:09.496Z] [runtime-status] [8864] Resolved module firebase-admin {"declared":true,"installed":true,"version":"8.13.0","resolution":"C:\\Users\\gundu\\webProjeler2020\\amazon-clone\\functions\\node_modules\\firebase-admin\\lib\\index.js"} {"metadata":{"emulator":{"name":"functions"},"function":{"name":"api"},"message":"[runtime-status] [8864] Resolved module firebase-admin {\"declared\":true,\"installed\":true,\"version\":\"8.13.0\",\"resolution\":\"C:\\\\Users\\\\gundu\\\\webProjeler2020\\\\amazon-clone\\\\functions\\\\node_modules\\\\firebase-admin\\\\lib\\\\index.js\"}"}}
[debug] [2020-09-19T11:00:09.497Z] [runtime-status] [8864] Resolved module firebase-functions {"declared":true,"installed":true,"version":"3.11.0","resolution":"C:\\Users\\gundu\\webProjeler2020\\amazon-clone\\functions\\node_modules\\firebase-functions\\lib\\index.js"} {"metadata":{"emulator":{"name":"functions"},"function":{"name":"api"},"message":"[runtime-status] [8864] Resolved module firebase-functions {\"declared\":true,\"installed\":true,\"version\":\"3.11.0\",\"resolution\":\"C:\\\\Users\\\\gundu\\\\webProjeler2020\\\\amazon-clone\\\\functions\\\\node_modules\\\\firebase-functions\\\\lib\\\\index.js\"}"}}
[debug] [2020-09-19T11:00:09.498Z] [runtime-status] [8864] firebase-admin has been stubbed. {"adminResolution":{"declared":true,"installed":true,"version":"8.13.0","resolution":"C:\\Users\\gundu\\webProjeler2020\\amazon-clone\\functions\\node_modules\\firebase-admin\\lib\\index.js"}} {"metadata":{"emulator":{"name":"functions"},"function":{"name":"api"},"message":"[runtime-status] [8864] firebase-admin has been stubbed. {\"adminResolution\":{\"declared\":true,\"installed\":true,\"version\":\"8.13.0\",\"resolution\":\"C:\\\\Users\\\\gundu\\\\webProjeler2020\\\\amazon-clone\\\\functions\\\\node_modules\\\\firebase-admin\\\\lib\\\\index.js\"}}"}}
[debug] [2020-09-19T11:00:09.750Z] [runtime-status] [8864] Trigger "api" has been found, beginning invocation! {"metadata":{"emulator":{"name":"functions"},"function":{"name":"api"},"message":"[runtime-status] [8864] Trigger \"api\" has been found, beginning invocation!"}}
[info] i  functions: Beginning execution of "api" {"metadata":{"emulator":{"name":"functions"},"function":{"name":"api"},"message":"Beginning execution of \"api\""}}
[debug] [2020-09-19T11:00:09.767Z] [runtime-status] [8864] triggerDefinition {"httpsTrigger":{},"name":"api","entryPoint":"api"} {"metadata":{"emulator":{"name":"functions"},"function":{"name":"api"},"message":"[runtime-status] [8864] triggerDefinition {\"httpsTrigger\":{},\"name\":\"api\",\"entryPoint\":\"api\"}"}}
[debug] [2020-09-19T11:00:09.767Z] [runtime-status] [8864] Running api in mode HTTPS {"metadata":{"emulator":{"name":"functions"},"function":{"name":"api"},"message":"[runtime-status] [8864] Running api in mode HTTPS"}}
[debug] [2020-09-19T11:00:09.767Z] [runtime-status] [8864] Attempting to listen to socketPath: \\?\pipe\C:\Users\gundu\webProjeler2020\amazon-clone\functions\8864 {"metadata":{"emulator":{"name":"functions"},"function":{"name":"api"},"message":"[runtime-status] [8864] Attempting to listen to socketPath: \\\\?\\pipe\\C:\\Users\\gundu\\webProjeler2020\\amazon-clone\\functions\\8864"}}
[debug] [2020-09-19T11:00:09.769Z] [functions] Runtime ready! Sending request! {"metadata":{"emulator":{"name":"functions"},"message":"[functions] Runtime ready! Sending request!"}}
[debug] [2020-09-19T11:00:09.782Z] [runtime-status] [8864] Ephemeral server handling GET request {"metadata":{"emulator":{"name":"functions"},"function":{"name":"api"},"message":"[runtime-status] [8864] Ephemeral server handling GET request"}}
[debug] [2020-09-19T11:00:09.791Z] [runtime-status] [8864] Ephemeral server survived. {"metadata":{"emulator":{"name":"functions"},"function":{"name":"api"},"message":"[runtime-status] [8864] Ephemeral server survived."}}
[info] i  functions: Finished "api" in ~1s {"metadata":{"emulator":{"name":"functions"},"function":{"name":"api"},"message":"Finished \"api\" in ~1s"}}
[debug] [2020-09-19T11:00:09.802Z] [worker-api-7bcf87d9-a9c9-4607-8434-ee066f127758]: IDLE {"metadata":{"emulator":{"name":"functions"},"message":"[worker-api-7bcf87d9-a9c9-4607-8434-ee066f127758]: IDLE"}}
[debug] [2020-09-19T11:00:09.805Z] [work-queue] {"queueLength":0,"workRunningCount":0}
[debug] [2020-09-19T11:00:25.088Z] File C:\Users\gundu\webProjeler2020\amazon-clone\functions\index.js changed, reloading triggers {"metadata":{"emulator":{"name":"functions"},"message":"File C:\\Users\\gundu\\webProjeler2020\\amazon-clone\\functions\\index.js changed, reloading triggers"}}
[debug] [2020-09-19T11:00:26.088Z] [worker-pool] Shutting down IDLE worker (~diagnostic~) {"metadata":{"emulator":{"name":"functions"},"message":"[worker-pool] Shutting down IDLE worker (~diagnostic~)"}}
[debug] [2020-09-19T11:00:26.088Z] [worker-~diagnostic~-6256fb36-50be-4ef3-bdd3-6c60675ceb1c]: FINISHING {"metadata":{"emulator":{"name":"functions"},"message":"[worker-~diagnostic~-6256fb36-50be-4ef3-bdd3-6c60675ceb1c]: FINISHING"}}
[debug] [2020-09-19T11:00:26.089Z] [worker-pool] Shutting down IDLE worker (api) {"metadata":{"emulator":{"name":"functions"},"message":"[worker-pool] Shutting down IDLE worker (api)"}}
[debug] [2020-09-19T11:00:26.089Z] [worker-api-7bcf87d9-a9c9-4607-8434-ee066f127758]: FINISHING {"metadata":{"emulator":{"name":"functions"},"message":"[worker-api-7bcf87d9-a9c9-4607-8434-ee066f127758]: FINISHING"}}
[debug] [2020-09-19T11:00:26.096Z] [worker-pool] addWorker(~diagnostic~) {"metadata":{"emulator":{"name":"functions"},"message":"[worker-pool] addWorker(~diagnostic~)"}}
[debug] [2020-09-19T11:00:26.096Z] [worker-pool] Adding worker with key ~diagnostic~, total=2 {"metadata":{"emulator":{"name":"functions"},"message":"[worker-pool] Adding worker with key ~diagnostic~, total=2"}}
[debug] [2020-09-19T11:00:26.096Z] [worker-pool] submitWork(triggerId=) {"metadata":{"emulator":{"name":"functions"},"message":"[worker-pool] submitWork(triggerId=)"}}
[debug] [2020-09-19T11:00:26.097Z] [worker-~diagnostic~-64e28718-103c-451c-abd9-d9aa8e9d34a5]: Assigning socketPath: \\?\pipe\C:\Users\gundu\webProjeler2020\amazon-clone\functions\11624 {"metadata":{"emulator":{"name":"functions"},"message":"[worker-~diagnostic~-64e28718-103c-451c-abd9-d9aa8e9d34a5]: Assigning socketPath: \\\\?\\pipe\\C:\\Users\\gundu\\webProjeler2020\\amazon-clone\\functions\\11624"}}
[debug] [2020-09-19T11:00:26.097Z] [worker-~diagnostic~-64e28718-103c-451c-abd9-d9aa8e9d34a5]: BUSY {"metadata":{"emulator":{"name":"functions"},"message":"[worker-~diagnostic~-64e28718-103c-451c-abd9-d9aa8e9d34a5]: BUSY"}}
[debug] [2020-09-19T11:00:26.100Z] [worker-~diagnostic~-6256fb36-50be-4ef3-bdd3-6c60675ceb1c]: exited {"metadata":{"emulator":{"name":"functions"},"message":"[worker-~diagnostic~-6256fb36-50be-4ef3-bdd3-6c60675ceb1c]: exited"}}
[debug] [2020-09-19T11:00:26.100Z] [worker-~diagnostic~-6256fb36-50be-4ef3-bdd3-6c60675ceb1c]: FINISHED {"metadata":{"emulator":{"name":"functions"},"message":"[worker-~diagnostic~-6256fb36-50be-4ef3-bdd3-6c60675ceb1c]: FINISHED"}}
[debug] [2020-09-19T11:00:26.101Z] [worker-api-7bcf87d9-a9c9-4607-8434-ee066f127758]: exited {"metadata":{"emulator":{"name":"functions"},"message":"[worker-api-7bcf87d9-a9c9-4607-8434-ee066f127758]: exited"}}
[debug] [2020-09-19T11:00:26.101Z] [worker-api-7bcf87d9-a9c9-4607-8434-ee066f127758]: FINISHED {"metadata":{"emulator":{"name":"functions"},"message":"[worker-api-7bcf87d9-a9c9-4607-8434-ee066f127758]: FINISHED"}}
[debug] [2020-09-19T11:00:26.882Z] [runtime-status] [11624] Functions runtime initialized. {"cwd":"C:\\Users\\gundu\\webProjeler2020\\amazon-clone\\functions","node_version":"12.13.0"} {"metadata":{"emulator":{"name":"functions"},"message":"[runtime-status] [11624] Functions runtime initialized. {\"cwd\":\"C:\\\\Users\\\\gundu\\\\webProjeler2020\\\\amazon-clone\\\\functions\",\"node_version\":\"12.13.0\"}"}}
[debug] [2020-09-19T11:00:26.884Z] [runtime-status] [11624] Disabled runtime features: undefined {"metadata":{"emulator":{"name":"functions"},"message":"[runtime-status] [11624] Disabled runtime features: undefined"}}
[debug] [2020-09-19T11:00:26.888Z] [runtime-status] [11624] Resolved module firebase-admin {"declared":true,"installed":true,"version":"8.13.0","resolution":"C:\\Users\\gundu\\webProjeler2020\\amazon-clone\\functions\\node_modules\\firebase-admin\\lib\\index.js"} {"metadata":{"emulator":{"name":"functions"},"message":"[runtime-status] [11624] Resolved module firebase-admin {\"declared\":true,\"installed\":true,\"version\":\"8.13.0\",\"resolution\":\"C:\\\\Users\\\\gundu\\\\webProjeler2020\\\\amazon-clone\\\\functions\\\\node_modules\\\\firebase-admin\\\\lib\\\\index.js\"}"}}
[debug] [2020-09-19T11:00:26.890Z] [runtime-status] [11624] Resolved module firebase-functions {"declared":true,"installed":true,"version":"3.11.0","resolution":"C:\\Users\\gundu\\webProjeler2020\\amazon-clone\\functions\\node_modules\\firebase-functions\\lib\\index.js"} {"metadata":{"emulator":{"name":"functions"},"message":"[runtime-status] [11624] Resolved module firebase-functions {\"declared\":true,\"installed\":true,\"version\":\"3.11.0\",\"resolution\":\"C:\\\\Users\\\\gundu\\\\webProjeler2020\\\\amazon-clone\\\\functions\\\\node_modules\\\\firebase-functions\\\\lib\\\\index.js\"}"}}
[debug] [2020-09-19T11:00:26.892Z] [runtime-status] [11624] Resolved module firebase-functions {"declared":true,"installed":true,"version":"3.11.0","resolution":"C:\\Users\\gundu\\webProjeler2020\\amazon-clone\\functions\\node_modules\\firebase-functions\\lib\\index.js"} {"metadata":{"emulator":{"name":"functions"},"message":"[runtime-status] [11624] Resolved module firebase-functions {\"declared\":true,\"installed\":true,\"version\":\"3.11.0\",\"resolution\":\"C:\\\\Users\\\\gundu\\\\webProjeler2020\\\\amazon-clone\\\\functions\\\\node_modules\\\\firebase-functions\\\\lib\\\\index.js\"}"}}
[debug] [2020-09-19T11:00:26.895Z] [runtime-status] [11624] Outgoing network have been stubbed. [{"name":"http","status":"mocked"},{"name":"http","status":"mocked"},{"name":"https","status":"mocked"},{"name":"https","status":"mocked"},{"name":"net","status":"mocked"}] {"metadata":{"emulator":{"name":"functions"},"message":"[runtime-status] [11624] Outgoing network have been stubbed. [{\"name\":\"http\",\"status\":\"mocked\"},{\"name\":\"http\",\"status\":\"mocked\"},{\"name\":\"https\",\"status\":\"mocked\"},{\"name\":\"https\",\"status\":\"mocked\"},{\"name\":\"net\",\"status\":\"mocked\"}]"}}
[debug] [2020-09-19T11:00:26.895Z] [runtime-status] [11624] Resolved module firebase-functions {"declared":true,"installed":true,"version":"3.11.0","resolution":"C:\\Users\\gundu\\webProjeler2020\\amazon-clone\\functions\\node_modules\\firebase-functions\\lib\\index.js"} {"metadata":{"emulator":{"name":"functions"},"message":"[runtime-status] [11624] Resolved module firebase-functions {\"declared\":true,\"installed\":true,\"version\":\"3.11.0\",\"resolution\":\"C:\\\\Users\\\\gundu\\\\webProjeler2020\\\\amazon-clone\\\\functions\\\\node_modules\\\\firebase-functions\\\\lib\\\\index.js\"}"}}
[debug] [2020-09-19T11:00:26.954Z] [runtime-status] [11624] Checked functions.config() {"config":{}} {"metadata":{"emulator":{"name":"functions"},"message":"[runtime-status] [11624] Checked functions.config() {\"config\":{}}"}}
[debug] [2020-09-19T11:00:26.955Z] [runtime-status] [11624] firebase-functions has been stubbed. {"functionsResolution":{"declared":true,"installed":true,"version":"3.11.0","resolution":"C:\\Users\\gundu\\webProjeler2020\\amazon-clone\\functions\\node_modules\\firebase-functions\\lib\\index.js"}} {"metadata":{"emulator":{"name":"functions"},"message":"[runtime-status] [11624] firebase-functions has been stubbed. {\"functionsResolution\":{\"declared\":true,\"installed\":true,\"version\":\"3.11.0\",\"resolution\":\"C:\\\\Users\\\\gundu\\\\webProjeler2020\\\\amazon-clone\\\\functions\\\\node_modules\\\\firebase-functions\\\\lib\\\\index.js\"}}"}}
[debug] [2020-09-19T11:00:26.956Z] [runtime-status] [11624] Resolved module firebase-functions {"declared":true,"installed":true,"version":"3.11.0","resolution":"C:\\Users\\gundu\\webProjeler2020\\amazon-clone\\functions\\node_modules\\firebase-functions\\lib\\index.js"} {"metadata":{"emulator":{"name":"functions"},"message":"[runtime-status] [11624] Resolved module firebase-functions {\"declared\":true,\"installed\":true,\"version\":\"3.11.0\",\"resolution\":\"C:\\\\Users\\\\gundu\\\\webProjeler2020\\\\amazon-clone\\\\functions\\\\node_modules\\\\firebase-functions\\\\lib\\\\index.js\"}"}}
[debug] [2020-09-19T11:00:26.958Z] [runtime-status] [11624] Resolved module firebase-admin {"declared":true,"installed":true,"version":"8.13.0","resolution":"C:\\Users\\gundu\\webProjeler2020\\amazon-clone\\functions\\node_modules\\firebase-admin\\lib\\index.js"} {"metadata":{"emulator":{"name":"functions"},"message":"[runtime-status] [11624] Resolved module firebase-admin {\"declared\":true,\"installed\":true,\"version\":\"8.13.0\",\"resolution\":\"C:\\\\Users\\\\gundu\\\\webProjeler2020\\\\amazon-clone\\\\functions\\\\node_modules\\\\firebase-admin\\\\lib\\\\index.js\"}"}}
[debug] [2020-09-19T11:00:26.959Z] [runtime-status] [11624] Resolved module firebase-functions {"declared":true,"installed":true,"version":"3.11.0","resolution":"C:\\Users\\gundu\\webProjeler2020\\amazon-clone\\functions\\node_modules\\firebase-functions\\lib\\index.js"} {"metadata":{"emulator":{"name":"functions"},"message":"[runtime-status] [11624] Resolved module firebase-functions {\"declared\":true,\"installed\":true,\"version\":\"3.11.0\",\"resolution\":\"C:\\\\Users\\\\gundu\\\\webProjeler2020\\\\amazon-clone\\\\functions\\\\node_modules\\\\firebase-functions\\\\lib\\\\index.js\"}"}}
[debug] [2020-09-19T11:00:26.959Z] [runtime-status] [11624] firebase-admin has been stubbed. {"adminResolution":{"declared":true,"installed":true,"version":"8.13.0","resolution":"C:\\Users\\gundu\\webProjeler2020\\amazon-clone\\functions\\node_modules\\firebase-admin\\lib\\index.js"}} {"metadata":{"emulator":{"name":"functions"},"message":"[runtime-status] [11624] firebase-admin has been stubbed. {\"adminResolution\":{\"declared\":true,\"installed\":true,\"version\":\"8.13.0\",\"resolution\":\"C:\\\\Users\\\\gundu\\\\webProjeler2020\\\\amazon-clone\\\\functions\\\\node_modules\\\\firebase-admin\\\\lib\\\\index.js\"}}"}}
[debug] [2020-09-19T11:00:27.159Z] [worker-~diagnostic~-64e28718-103c-451c-abd9-d9aa8e9d34a5]: IDLE {"metadata":{"emulator":{"name":"functions"},"message":"[worker-~diagnostic~-64e28718-103c-451c-abd9-d9aa8e9d34a5]: IDLE"}}
[debug] [2020-09-19T11:00:47.032Z] [work-queue] {"queueLength":1,"workRunningCount":0}
[debug] [2020-09-19T11:00:47.032Z] [work-queue] {"queueLength":0,"workRunningCount":1}
[debug] [2020-09-19T11:00:47.032Z] Accepted request POST /clone-bb3a3/us-central1/api/payment/create?total=0 --> api
[debug] [2020-09-19T11:00:47.033Z] [worker-pool] Cleaned up workers for ~diagnostic~: 2 --> 1 {"metadata":{"emulator":{"name":"functions"},"message":"[worker-pool] Cleaned up workers for ~diagnostic~: 2 --> 1"}}
[debug] [2020-09-19T11:00:47.034Z] [worker-pool] Cleaned up workers for api: 1 --> 0 {"metadata":{"emulator":{"name":"functions"},"message":"[worker-pool] Cleaned up workers for api: 1 --> 0"}}
[debug] [2020-09-19T11:00:47.041Z] [worker-pool] addWorker(api) {"metadata":{"emulator":{"name":"functions"},"message":"[worker-pool] addWorker(api)"}}
[debug] [2020-09-19T11:00:47.041Z] [worker-pool] Adding worker with key api, total=1 {"metadata":{"emulator":{"name":"functions"},"message":"[worker-pool] Adding worker with key api, total=1"}}
[debug] [2020-09-19T11:00:47.041Z] [worker-pool] submitWork(triggerId=api) {"metadata":{"emulator":{"name":"functions"},"message":"[worker-pool] submitWork(triggerId=api)"}}
[debug] [2020-09-19T11:00:47.042Z] [worker-api-01ce1cf5-5109-4af3-a6a8-d12dace02093]: Assigning socketPath: \\?\pipe\C:\Users\gundu\webProjeler2020\amazon-clone\functions\15304 {"metadata":{"emulator":{"name":"functions"},"message":"[worker-api-01ce1cf5-5109-4af3-a6a8-d12dace02093]: Assigning socketPath: \\\\?\\pipe\\C:\\Users\\gundu\\webProjeler2020\\amazon-clone\\functions\\15304"}}
[debug] [2020-09-19T11:00:47.042Z] [worker-api-01ce1cf5-5109-4af3-a6a8-d12dace02093]: BUSY {"metadata":{"emulator":{"name":"functions"},"message":"[worker-api-01ce1cf5-5109-4af3-a6a8-d12dace02093]: BUSY"}}
[debug] [2020-09-19T11:00:48.063Z] [runtime-status] [15304] Functions runtime initialized. {"cwd":"C:\\Users\\gundu\\webProjeler2020\\amazon-clone\\functions","node_version":"12.13.0"} {"metadata":{"emulator":{"name":"functions"},"function":{"name":"api"},"message":"[runtime-status] [15304] Functions runtime initialized. {\"cwd\":\"C:\\\\Users\\\\gundu\\\\webProjeler2020\\\\amazon-clone\\\\functions\",\"node_version\":\"12.13.0\"}"}}
[debug] [2020-09-19T11:00:48.066Z] [runtime-status] [15304] Disabled runtime features: undefined {"metadata":{"emulator":{"name":"functions"},"function":{"name":"api"},"message":"[runtime-status] [15304] Disabled runtime features: undefined"}}
[debug] [2020-09-19T11:00:48.074Z] [runtime-status] [15304] Resolved module firebase-admin {"declared":true,"installed":true,"version":"8.13.0","resolution":"C:\\Users\\gundu\\webProjeler2020\\amazon-clone\\functions\\node_modules\\firebase-admin\\lib\\index.js"} {"metadata":{"emulator":{"name":"functions"},"function":{"name":"api"},"message":"[runtime-status] [15304] Resolved module firebase-admin {\"declared\":true,\"installed\":true,\"version\":\"8.13.0\",\"resolution\":\"C:\\\\Users\\\\gundu\\\\webProjeler2020\\\\amazon-clone\\\\functions\\\\node_modules\\\\firebase-admin\\\\lib\\\\index.js\"}"}}
[debug] [2020-09-19T11:00:48.078Z] [runtime-status] [15304] Resolved module firebase-functions {"declared":true,"installed":true,"version":"3.11.0","resolution":"C:\\Users\\gundu\\webProjeler2020\\amazon-clone\\functions\\node_modules\\firebase-functions\\lib\\index.js"} {"metadata":{"emulator":{"name":"functions"},"function":{"name":"api"},"message":"[runtime-status] [15304] Resolved module firebase-functions {\"declared\":true,\"installed\":true,\"version\":\"3.11.0\",\"resolution\":\"C:\\\\Users\\\\gundu\\\\webProjeler2020\\\\amazon-clone\\\\functions\\\\node_modules\\\\firebase-functions\\\\lib\\\\index.js\"}"}}
[debug] [2020-09-19T11:00:48.080Z] [runtime-status] [15304] Resolved module firebase-functions {"declared":true,"installed":true,"version":"3.11.0","resolution":"C:\\Users\\gundu\\webProjeler2020\\amazon-clone\\functions\\node_modules\\firebase-functions\\lib\\index.js"} {"metadata":{"emulator":{"name":"functions"},"function":{"name":"api"},"message":"[runtime-status] [15304] Resolved module firebase-functions {\"declared\":true,\"installed\":true,\"version\":\"3.11.0\",\"resolution\":\"C:\\\\Users\\\\gundu\\\\webProjeler2020\\\\amazon-clone\\\\functions\\\\node_modules\\\\firebase-functions\\\\lib\\\\index.js\"}"}}
[debug] [2020-09-19T11:00:48.084Z] [runtime-status] [15304] Outgoing network have been stubbed. [{"name":"http","status":"mocked"},{"name":"http","status":"mocked"},{"name":"https","status":"mocked"},{"name":"https","status":"mocked"},{"name":"net","status":"mocked"}] {"metadata":{"emulator":{"name":"functions"},"function":{"name":"api"},"message":"[runtime-status] [15304] Outgoing network have been stubbed. [{\"name\":\"http\",\"status\":\"mocked\"},{\"name\":\"http\",\"status\":\"mocked\"},{\"name\":\"https\",\"status\":\"mocked\"},{\"name\":\"https\",\"status\":\"mocked\"},{\"name\":\"net\",\"status\":\"mocked\"}]"}}
[debug] [2020-09-19T11:00:48.087Z] [runtime-status] [15304] Resolved module firebase-functions {"declared":true,"installed":true,"version":"3.11.0","resolution":"C:\\Users\\gundu\\webProjeler2020\\amazon-clone\\functions\\node_modules\\firebase-functions\\lib\\index.js"} {"metadata":{"emulator":{"name":"functions"},"function":{"name":"api"},"message":"[runtime-status] [15304] Resolved module firebase-functions {\"declared\":true,\"installed\":true,\"version\":\"3.11.0\",\"resolution\":\"C:\\\\Users\\\\gundu\\\\webProjeler2020\\\\amazon-clone\\\\functions\\\\node_modules\\\\firebase-functions\\\\lib\\\\index.js\"}"}}
[debug] [2020-09-19T11:00:48.184Z] [runtime-status] [15304] Checked functions.config() {"config":{}} {"metadata":{"emulator":{"name":"functions"},"function":{"name":"api"},"message":"[runtime-status] [15304] Checked functions.config() {\"config\":{}}"}}
[debug] [2020-09-19T11:00:48.185Z] [runtime-status] [15304] firebase-functions has been stubbed. {"functionsResolution":{"declared":true,"installed":true,"version":"3.11.0","resolution":"C:\\Users\\gundu\\webProjeler2020\\amazon-clone\\functions\\node_modules\\firebase-functions\\lib\\index.js"}} {"metadata":{"emulator":{"name":"functions"},"function":{"name":"api"},"message":"[runtime-status] [15304] firebase-functions has been stubbed. {\"functionsResolution\":{\"declared\":true,\"installed\":true,\"version\":\"3.11.0\",\"resolution\":\"C:\\\\Users\\\\gundu\\\\webProjeler2020\\\\amazon-clone\\\\functions\\\\node_modules\\\\firebase-functions\\\\lib\\\\index.js\"}}"}}
[debug] [2020-09-19T11:00:48.186Z] [runtime-status] [15304] Resolved module firebase-functions {"declared":true,"installed":true,"version":"3.11.0","resolution":"C:\\Users\\gundu\\webProjeler2020\\amazon-clone\\functions\\node_modules\\firebase-functions\\lib\\index.js"} {"metadata":{"emulator":{"name":"functions"},"function":{"name":"api"},"message":"[runtime-status] [15304] Resolved module firebase-functions {\"declared\":true,\"installed\":true,\"version\":\"3.11.0\",\"resolution\":\"C:\\\\Users\\\\gundu\\\\webProjeler2020\\\\amazon-clone\\\\functions\\\\node_modules\\\\firebase-functions\\\\lib\\\\index.js\"}"}}
[debug] [2020-09-19T11:00:48.188Z] [runtime-status] [15304] Resolved module firebase-admin {"declared":true,"installed":true,"version":"8.13.0","resolution":"C:\\Users\\gundu\\webProjeler2020\\amazon-clone\\functions\\node_modules\\firebase-admin\\lib\\index.js"} {"metadata":{"emulator":{"name":"functions"},"function":{"name":"api"},"message":"[runtime-status] [15304] Resolved module firebase-admin {\"declared\":true,\"installed\":true,\"version\":\"8.13.0\",\"resolution\":\"C:\\\\Users\\\\gundu\\\\webProjeler2020\\\\amazon-clone\\\\functions\\\\node_modules\\\\firebase-admin\\\\lib\\\\index.js\"}"}}
[debug] [2020-09-19T11:00:48.190Z] [runtime-status] [15304] Resolved module firebase-functions {"declared":true,"installed":true,"version":"3.11.0","resolution":"C:\\Users\\gundu\\webProjeler2020\\amazon-clone\\functions\\node_modules\\firebase-functions\\lib\\index.js"} {"metadata":{"emulator":{"name":"functions"},"function":{"name":"api"},"message":"[runtime-status] [15304] Resolved module firebase-functions {\"declared\":true,\"installed\":true,\"version\":\"3.11.0\",\"resolution\":\"C:\\\\Users\\\\gundu\\\\webProjeler2020\\\\amazon-clone\\\\functions\\\\node_modules\\\\firebase-functions\\\\lib\\\\index.js\"}"}}
[debug] [2020-09-19T11:00:48.190Z] [runtime-status] [15304] firebase-admin has been stubbed. {"adminResolution":{"declared":true,"installed":true,"version":"8.13.0","resolution":"C:\\Users\\gundu\\webProjeler2020\\amazon-clone\\functions\\node_modules\\firebase-admin\\lib\\index.js"}} {"metadata":{"emulator":{"name":"functions"},"function":{"name":"api"},"message":"[runtime-status] [15304] firebase-admin has been stubbed. {\"adminResolution\":{\"declared\":true,\"installed\":true,\"version\":\"8.13.0\",\"resolution\":\"C:\\\\Users\\\\gundu\\\\webProjeler2020\\\\amazon-clone\\\\functions\\\\node_modules\\\\firebase-admin\\\\lib\\\\index.js\"}}"}}
[debug] [2020-09-19T11:00:48.532Z] [runtime-status] [15304] Trigger "api" has been found, beginning invocation! {"metadata":{"emulator":{"name":"functions"},"function":{"name":"api"},"message":"[runtime-status] [15304] Trigger \"api\" has been found, beginning invocation!"}}
[info] i  functions: Beginning execution of "api" {"metadata":{"emulator":{"name":"functions"},"function":{"name":"api"},"message":"Beginning execution of \"api\""}}
[debug] [2020-09-19T11:00:48.571Z] [runtime-status] [15304] triggerDefinition {"httpsTrigger":{},"name":"api","entryPoint":"api"} {"metadata":{"emulator":{"name":"functions"},"function":{"name":"api"},"message":"[runtime-status] [15304] triggerDefinition {\"httpsTrigger\":{},\"name\":\"api\",\"entryPoint\":\"api\"}"}}
[debug] [2020-09-19T11:00:48.571Z] [runtime-status] [15304] Running api in mode HTTPS {"metadata":{"emulator":{"name":"functions"},"function":{"name":"api"},"message":"[runtime-status] [15304] Running api in mode HTTPS"}}
[debug] [2020-09-19T11:00:48.573Z] [runtime-status] [15304] Attempting to listen to socketPath: \\?\pipe\C:\Users\gundu\webProjeler2020\amazon-clone\functions\15304 {"metadata":{"emulator":{"name":"functions"},"function":{"name":"api"},"message":"[runtime-status] [15304] Attempting to listen to socketPath: \\\\?\\pipe\\C:\\Users\\gundu\\webProjeler2020\\amazon-clone\\functions\\15304"}}
[debug] [2020-09-19T11:00:48.576Z] [functions] Runtime ready! Sending request! {"metadata":{"emulator":{"name":"functions"},"message":"[functions] Runtime ready! Sending request!"}}
[debug] [2020-09-19T11:00:48.589Z] [runtime-status] [15304] Ephemeral server handling POST request {"metadata":{"emulator":{"name":"functions"},"function":{"name":"api"},"message":"[runtime-status] [15304] Ephemeral server handling POST request"}}
[debug] [2020-09-19T11:00:48.603Z] [runtime-status] [15304] Ephemeral server survived. {"metadata":{"emulator":{"name":"functions"},"function":{"name":"api"},"message":"[runtime-status] [15304] Ephemeral server survived."}}
[info] i  functions: Finished "api" in ~1s {"metadata":{"emulator":{"name":"functions"},"function":{"name":"api"},"message":"Finished \"api\" in ~1s"}}
[debug] [2020-09-19T11:00:48.608Z] [worker-api-01ce1cf5-5109-4af3-a6a8-d12dace02093]: IDLE {"metadata":{"emulator":{"name":"functions"},"message":"[worker-api-01ce1cf5-5109-4af3-a6a8-d12dace02093]: IDLE"}}
[debug] [2020-09-19T11:00:48.608Z] [work-queue] {"queueLength":0,"workRunningCount":0}
[debug] [2020-09-19T11:01:12.246Z] [work-queue] {"queueLength":1,"workRunningCount":0}
[debug] [2020-09-19T11:01:12.246Z] [work-queue] {"queueLength":0,"workRunningCount":1}
[debug] [2020-09-19T11:01:12.246Z] Accepted request POST /clone-bb3a3/us-central1/api/payment/create?total=19798 --> api
[debug] [2020-09-19T11:01:12.247Z] [worker-pool] submitWork(triggerId=api) {"metadata":{"emulator":{"name":"functions"},"message":"[worker-pool] submitWork(triggerId=api)"}}
[debug] [2020-09-19T11:01:12.247Z] [worker-api-01ce1cf5-5109-4af3-a6a8-d12dace02093]: Assigning socketPath: \\?\pipe\C:\Users\gundu\webProjeler2020\amazon-clone\functions\15304 {"metadata":{"emulator":{"name":"functions"},"message":"[worker-api-01ce1cf5-5109-4af3-a6a8-d12dace02093]: Assigning socketPath: \\\\?\\pipe\\C:\\Users\\gundu\\webProjeler2020\\amazon-clone\\functions\\15304"}}
[debug] [2020-09-19T11:01:12.251Z] [worker-api-01ce1cf5-5109-4af3-a6a8-d12dace02093]: BUSY {"metadata":{"emulator":{"name":"functions"},"message":"[worker-api-01ce1cf5-5109-4af3-a6a8-d12dace02093]: BUSY"}}
[debug] [2020-09-19T11:01:12.252Z] [runtime-status] [15304] Trigger "api" has been found, beginning invocation! {"metadata":{"emulator":{"name":"functions"},"function":{"name":"api"},"message":"[runtime-status] [15304] Trigger \"api\" has been found, beginning invocation!"}}
[info] i  functions: Beginning execution of "api" {"metadata":{"emulator":{"name":"functions"},"function":{"name":"api"},"message":"Beginning execution of \"api\""}}
[debug] [2020-09-19T11:01:12.274Z] [runtime-status] [15304] triggerDefinition {"httpsTrigger":{},"name":"api","entryPoint":"api"} {"metadata":{"emulator":{"name":"functions"},"function":{"name":"api"},"message":"[runtime-status] [15304] triggerDefinition {\"httpsTrigger\":{},\"name\":\"api\",\"entryPoint\":\"api\"}"}}
[debug] [2020-09-19T11:01:12.275Z] [runtime-status] [15304] Running api in mode HTTPS {"metadata":{"emulator":{"name":"functions"},"function":{"name":"api"},"message":"[runtime-status] [15304] Running api in mode HTTPS"}}
[debug] [2020-09-19T11:01:12.275Z] [runtime-status] [15304] Attempting to listen to socketPath: \\?\pipe\C:\Users\gundu\webProjeler2020\amazon-clone\functions\15304 {"metadata":{"emulator":{"name":"functions"},"function":{"name":"api"},"message":"[runtime-status] [15304] Attempting to listen to socketPath: \\\\?\\pipe\\C:\\Users\\gundu\\webProjeler2020\\amazon-clone\\functions\\15304"}}
[debug] [2020-09-19T11:01:12.277Z] [functions] Runtime ready! Sending request! {"metadata":{"emulator":{"name":"functions"},"message":"[functions] Runtime ready! Sending request!"}}
[debug] [2020-09-19T11:01:12.281Z] [runtime-status] [15304] Ephemeral server handling POST request {"metadata":{"emulator":{"name":"functions"},"function":{"name":"api"},"message":"[runtime-status] [15304] Ephemeral server handling POST request"}}
[debug] [2020-09-19T11:01:12.283Z] [runtime-status] [15304] Ephemeral server survived. {"metadata":{"emulator":{"name":"functions"},"function":{"name":"api"},"message":"[runtime-status] [15304] Ephemeral server survived."}}
[info] i  functions: Finished "api" in ~1s {"metadata":{"emulator":{"name":"functions"},"function":{"name":"api"},"message":"Finished \"api\" in ~1s"}}
[debug] [2020-09-19T11:01:12.311Z] [worker-api-01ce1cf5-5109-4af3-a6a8-d12dace02093]: IDLE {"metadata":{"emulator":{"name":"functions"},"message":"[worker-api-01ce1cf5-5109-4af3-a6a8-d12dace02093]: IDLE"}}
[debug] [2020-09-19T11:01:12.312Z] [work-queue] {"queueLength":0,"workRunningCount":0}
[debug] [2020-09-19T11:01:19.090Z] [work-queue] {"queueLength":1,"workRunningCount":0}
[debug] [2020-09-19T11:01:19.090Z] [work-queue] {"queueLength":0,"workRunningCount":1}
[debug] [2020-09-19T11:01:19.090Z] Accepted request POST /clone-bb3a3/us-central1/api/payment/create?total=0 --> api
[debug] [2020-09-19T11:01:19.091Z] [worker-pool] submitWork(triggerId=api) {"metadata":{"emulator":{"name":"functions"},"message":"[worker-pool] submitWork(triggerId=api)"}}
[debug] [2020-09-19T11:01:19.091Z] [worker-api-01ce1cf5-5109-4af3-a6a8-d12dace02093]: Assigning socketPath: \\?\pipe\C:\Users\gundu\webProjeler2020\amazon-clone\functions\15304 {"metadata":{"emulator":{"name":"functions"},"message":"[worker-api-01ce1cf5-5109-4af3-a6a8-d12dace02093]: Assigning socketPath: \\\\?\\pipe\\C:\\Users\\gundu\\webProjeler2020\\amazon-clone\\functions\\15304"}}
[debug] [2020-09-19T11:01:19.091Z] [worker-api-01ce1cf5-5109-4af3-a6a8-d12dace02093]: BUSY {"metadata":{"emulator":{"name":"functions"},"message":"[worker-api-01ce1cf5-5109-4af3-a6a8-d12dace02093]: BUSY"}}
[debug] [2020-09-19T11:01:19.092Z] [runtime-status] [15304] Trigger "api" has been found, beginning invocation! {"metadata":{"emulator":{"name":"functions"},"function":{"name":"api"},"message":"[runtime-status] [15304] Trigger \"api\" has been found, beginning invocation!"}}
[info] i  functions: Beginning execution of "api" {"metadata":{"emulator":{"name":"functions"},"function":{"name":"api"},"message":"Beginning execution of \"api\""}}
[debug] [2020-09-19T11:01:19.094Z] [runtime-status] [15304] triggerDefinition {"httpsTrigger":{},"name":"api","entryPoint":"api"} {"metadata":{"emulator":{"name":"functions"},"function":{"name":"api"},"message":"[runtime-status] [15304] triggerDefinition {\"httpsTrigger\":{},\"name\":\"api\",\"entryPoint\":\"api\"}"}}
[debug] [2020-09-19T11:01:19.094Z] [runtime-status] [15304] Running api in mode HTTPS {"metadata":{"emulator":{"name":"functions"},"function":{"name":"api"},"message":"[runtime-status] [15304] Running api in mode HTTPS"}}
[debug] [2020-09-19T11:01:19.095Z] [runtime-status] [15304] Attempting to listen to socketPath: \\?\pipe\C:\Users\gundu\webProjeler2020\amazon-clone\functions\15304 {"metadata":{"emulator":{"name":"functions"},"function":{"name":"api"},"message":"[runtime-status] [15304] Attempting to listen to socketPath: \\\\?\\pipe\\C:\\Users\\gundu\\webProjeler2020\\amazon-clone\\functions\\15304"}}
[debug] [2020-09-19T11:01:19.097Z] [functions] Runtime ready! Sending request! {"metadata":{"emulator":{"name":"functions"},"message":"[functions] Runtime ready! Sending request!"}}
[debug] [2020-09-19T11:01:19.102Z] [runtime-status] [15304] Ephemeral server handling POST request {"metadata":{"emulator":{"name":"functions"},"function":{"name":"api"},"message":"[runtime-status] [15304] Ephemeral server handling POST request"}}
[debug] [2020-09-19T11:01:19.106Z] [runtime-status] [15304] Ephemeral server survived. {"metadata":{"emulator":{"name":"functions"},"function":{"name":"api"},"message":"[runtime-status] [15304] Ephemeral server survived."}}
[info] i  functions: Finished "api" in ~1s {"metadata":{"emulator":{"name":"functions"},"function":{"name":"api"},"message":"Finished \"api\" in ~1s"}}
[debug] [2020-09-19T11:01:19.135Z] [worker-api-01ce1cf5-5109-4af3-a6a8-d12dace02093]: IDLE {"metadata":{"emulator":{"name":"functions"},"message":"[worker-api-01ce1cf5-5109-4af3-a6a8-d12dace02093]: IDLE"}}
[debug] [2020-09-19T11:01:19.135Z] [work-queue] {"queueLength":0,"workRunningCount":0}
[debug] [2020-09-19T11:01:46.480Z] [work-queue] {"queueLength":1,"workRunningCount":0}
[debug] [2020-09-19T11:01:46.481Z] [work-queue] {"queueLength":0,"workRunningCount":1}
[debug] [2020-09-19T11:01:46.481Z] Accepted request POST /clone-bb3a3/us-central1/api/payment/create?total=47800 --> api
[debug] [2020-09-19T11:01:46.481Z] [worker-pool] submitWork(triggerId=api) {"metadata":{"emulator":{"name":"functions"},"message":"[worker-pool] submitWork(triggerId=api)"}}
[debug] [2020-09-19T11:01:46.481Z] [worker-api-01ce1cf5-5109-4af3-a6a8-d12dace02093]: Assigning socketPath: \\?\pipe\C:\Users\gundu\webProjeler2020\amazon-clone\functions\15304 {"metadata":{"emulator":{"name":"functions"},"message":"[worker-api-01ce1cf5-5109-4af3-a6a8-d12dace02093]: Assigning socketPath: \\\\?\\pipe\\C:\\Users\\gundu\\webProjeler2020\\amazon-clone\\functions\\15304"}}
[debug] [2020-09-19T11:01:46.482Z] [worker-api-01ce1cf5-5109-4af3-a6a8-d12dace02093]: BUSY {"metadata":{"emulator":{"name":"functions"},"message":"[worker-api-01ce1cf5-5109-4af3-a6a8-d12dace02093]: BUSY"}}
[debug] [2020-09-19T11:01:46.484Z] [runtime-status] [15304] Trigger "api" has been found, beginning invocation! {"metadata":{"emulator":{"name":"functions"},"function":{"name":"api"},"message":"[runtime-status] [15304] Trigger \"api\" has been found, beginning invocation!"}}
[info] i  functions: Beginning execution of "api" {"metadata":{"emulator":{"name":"functions"},"function":{"name":"api"},"message":"Beginning execution of \"api\""}}
[debug] [2020-09-19T11:01:46.488Z] [runtime-status] [15304] triggerDefinition {"httpsTrigger":{},"name":"api","entryPoint":"api"} {"metadata":{"emulator":{"name":"functions"},"function":{"name":"api"},"message":"[runtime-status] [15304] triggerDefinition {\"httpsTrigger\":{},\"name\":\"api\",\"entryPoint\":\"api\"}"}}
[debug] [2020-09-19T11:01:46.488Z] [runtime-status] [15304] Running api in mode HTTPS {"metadata":{"emulator":{"name":"functions"},"function":{"name":"api"},"message":"[runtime-status] [15304] Running api in mode HTTPS"}}
[debug] [2020-09-19T11:01:46.489Z] [runtime-status] [15304] Attempting to listen to socketPath: \\?\pipe\C:\Users\gundu\webProjeler2020\amazon-clone\functions\15304 {"metadata":{"emulator":{"name":"functions"},"function":{"name":"api"},"message":"[runtime-status] [15304] Attempting to listen to socketPath: \\\\?\\pipe\\C:\\Users\\gundu\\webProjeler2020\\amazon-clone\\functions\\15304"}}
[debug] [2020-09-19T11:01:46.490Z] [functions] Runtime ready! Sending request! {"metadata":{"emulator":{"name":"functions"},"message":"[functions] Runtime ready! Sending request!"}}
[debug] [2020-09-19T11:01:46.494Z] [runtime-status] [15304] Ephemeral server handling POST request {"metadata":{"emulator":{"name":"functions"},"function":{"name":"api"},"message":"[runtime-status] [15304] Ephemeral server handling POST request"}}
[debug] [2020-09-19T11:01:46.496Z] [runtime-status] [15304] Ephemeral server survived. {"metadata":{"emulator":{"name":"functions"},"function":{"name":"api"},"message":"[runtime-status] [15304] Ephemeral server survived."}}
[info] i  functions: Finished "api" in ~1s {"metadata":{"emulator":{"name":"functions"},"function":{"name":"api"},"message":"Finished \"api\" in ~1s"}}
[debug] [2020-09-19T11:01:46.523Z] [worker-api-01ce1cf5-5109-4af3-a6a8-d12dace02093]: IDLE {"metadata":{"emulator":{"name":"functions"},"message":"[worker-api-01ce1cf5-5109-4af3-a6a8-d12dace02093]: IDLE"}}
[debug] [2020-09-19T11:01:46.523Z] [work-queue] {"queueLength":0,"workRunningCount":0}
[debug] [2020-09-19T11:04:11.101Z] [work-queue] {"queueLength":1,"workRunningCount":0}
[debug] [2020-09-19T11:04:11.101Z] [work-queue] {"queueLength":0,"workRunningCount":1}
[debug] [2020-09-19T11:04:11.102Z] Accepted request POST /clone-bb3a3/us-central1/api/payments/create?total=0 --> api
[debug] [2020-09-19T11:04:11.102Z] [worker-pool] submitWork(triggerId=api) {"metadata":{"emulator":{"name":"functions"},"message":"[worker-pool] submitWork(triggerId=api)"}}
[debug] [2020-09-19T11:04:11.102Z] [worker-api-01ce1cf5-5109-4af3-a6a8-d12dace02093]: Assigning socketPath: \\?\pipe\C:\Users\gundu\webProjeler2020\amazon-clone\functions\15304 {"metadata":{"emulator":{"name":"functions"},"message":"[worker-api-01ce1cf5-5109-4af3-a6a8-d12dace02093]: Assigning socketPath: \\\\?\\pipe\\C:\\Users\\gundu\\webProjeler2020\\amazon-clone\\functions\\15304"}}
[debug] [2020-09-19T11:04:11.102Z] [worker-api-01ce1cf5-5109-4af3-a6a8-d12dace02093]: BUSY {"metadata":{"emulator":{"name":"functions"},"message":"[worker-api-01ce1cf5-5109-4af3-a6a8-d12dace02093]: BUSY"}}
[debug] [2020-09-19T11:04:11.103Z] [runtime-status] [15304] Trigger "api" has been found, beginning invocation! {"metadata":{"emulator":{"name":"functions"},"function":{"name":"api"},"message":"[runtime-status] [15304] Trigger \"api\" has been found, beginning invocation!"}}
[info] i  functions: Beginning execution of "api" {"metadata":{"emulator":{"name":"functions"},"function":{"name":"api"},"message":"Beginning execution of \"api\""}}
[debug] [2020-09-19T11:04:11.152Z] [runtime-status] [15304] triggerDefinition {"httpsTrigger":{},"name":"api","entryPoint":"api"} {"metadata":{"emulator":{"name":"functions"},"function":{"name":"api"},"message":"[runtime-status] [15304] triggerDefinition {\"httpsTrigger\":{},\"name\":\"api\",\"entryPoint\":\"api\"}"}}
[debug] [2020-09-19T11:04:11.152Z] [runtime-status] [15304] Running api in mode HTTPS {"metadata":{"emulator":{"name":"functions"},"function":{"name":"api"},"message":"[runtime-status] [15304] Running api in mode HTTPS"}}
[debug] [2020-09-19T11:04:11.152Z] [runtime-status] [15304] Attempting to listen to socketPath: \\?\pipe\C:\Users\gundu\webProjeler2020\amazon-clone\functions\15304 {"metadata":{"emulator":{"name":"functions"},"function":{"name":"api"},"message":"[runtime-status] [15304] Attempting to listen to socketPath: \\\\?\\pipe\\C:\\Users\\gundu\\webProjeler2020\\amazon-clone\\functions\\15304"}}
[debug] [2020-09-19T11:04:11.154Z] [functions] Runtime ready! Sending request! {"metadata":{"emulator":{"name":"functions"},"message":"[functions] Runtime ready! Sending request!"}}
[debug] [2020-09-19T11:04:11.160Z] [runtime-status] [15304] Ephemeral server handling POST request {"metadata":{"emulator":{"name":"functions"},"function":{"name":"api"},"message":"[runtime-status] [15304] Ephemeral server handling POST request"}}
[info] >  Payment Request Recieved BOOM!!! for this amount >>>  0 {"user":"Payment Request Recieved BOOM!!! for this amount >>>  0","metadata":{"emulator":{"name":"functions"},"function":{"name":"api"},"message":"\u001b[90m> \u001b[39m Payment Request Recieved BOOM!!! for this amount >>>  0"}}
[debug] [2020-09-19T11:04:11.207Z] [runtime-status] [15304] Ephemeral server survived. {"metadata":{"emulator":{"name":"functions"},"function":{"name":"api"},"message":"[runtime-status] [15304] Ephemeral server survived."}}
[info] >  (node:15304) UnhandledPromiseRejectionWarning: Error: This value must be greater than or equal to 1. {"user":"(node:15304) UnhandledPromiseRejectionWarning: Error: This value must be greater than or equal to 1.","metadata":{"emulator":{"name":"functions"},"function":{"name":"api"},"message":"\u001b[90m> \u001b[39m (node:15304) UnhandledPromiseRejectionWarning: Error: This value must be greater than or equal to 1."}}
[info] >      at Function.generate (C:\Users\gundu\webProjeler2020\amazon-clone\functions\node_modules\stripe\lib\Error.js:39:16) {"user":"    at Function.generate (C:\\Users\\gundu\\webProjeler2020\\amazon-clone\\functions\\node_modules\\stripe\\lib\\Error.js:39:16)","metadata":{"emulator":{"name":"functions"},"function":{"name":"api"},"message":"\u001b[90m> \u001b[39m     at Function.generate (C:\\Users\\gundu\\webProjeler2020\\amazon-clone\\functions\\node_modules\\stripe\\lib\\Error.js:39:16)"}}
[info] >      at IncomingMessage.<anonymous> (C:\Users\gundu\webProjeler2020\amazon-clone\functions\node_modules\stripe\lib\StripeResource.js:190:33) {"user":"    at IncomingMessage.<anonymous> (C:\\Users\\gundu\\webProjeler2020\\amazon-clone\\functions\\node_modules\\stripe\\lib\\StripeResource.js:190:33)","metadata":{"emulator":{"name":"functions"},"function":{"name":"api"},"message":"\u001b[90m> \u001b[39m     at IncomingMessage.<anonymous> (C:\\Users\\gundu\\webProjeler2020\\amazon-clone\\functions\\node_modules\\stripe\\lib\\StripeResource.js:190:33)"}}
[info] >      at Object.onceWrapper (events.js:299:28) {"user":"    at Object.onceWrapper (events.js:299:28)","metadata":{"emulator":{"name":"functions"},"function":{"name":"api"},"message":"\u001b[90m> \u001b[39m     at Object.onceWrapper (events.js:299:28)"}}
[info] >      at IncomingMessage.emit (events.js:215:7) {"user":"    at IncomingMessage.emit (events.js:215:7)","metadata":{"emulator":{"name":"functions"},"function":{"name":"api"},"message":"\u001b[90m> \u001b[39m     at IncomingMessage.emit (events.js:215:7)"}}
[info] >      at endReadableNT (_stream_readable.js:1183:12) {"user":"    at endReadableNT (_stream_readable.js:1183:12)","metadata":{"emulator":{"name":"functions"},"function":{"name":"api"},"message":"\u001b[90m> \u001b[39m     at endReadableNT (_stream_readable.js:1183:12)"}}
[info] >      at processTicksAndRejections (internal/process/task_queues.js:80:21) {"user":"    at processTicksAndRejections (internal/process/task_queues.js:80:21)","metadata":{"emulator":{"name":"functions"},"function":{"name":"api"},"message":"\u001b[90m> \u001b[39m     at processTicksAndRejections (internal/process/task_queues.js:80:21)"}}
[info] >  (node:15304) UnhandledPromiseRejectionWarning: Unhandled promise rejection. This error originated either by throwing inside of an async function without a catch block, or by rejecting a promise which was not handled with .catch(). (rejection id: 1) {"user":"(node:15304) UnhandledPromiseRejectionWarning: Unhandled promise rejection. This error originated either by throwing inside of an async function without a catch block, or by rejecting a promise which was not handled with .catch(). (rejection id: 1)","metadata":{"emulator":{"name":"functions"},"function":{"name":"api"},"message":"\u001b[90m> \u001b[39m (node:15304) UnhandledPromiseRejectionWarning: Unhandled promise rejection. This error originated either by throwing inside of an async function without a catch block, or by rejecting a promise which was not handled with .catch(). (rejection id: 1)"}}
[info] >  (node:15304) [DEP0018] DeprecationWarning: Unhandled promise rejections are deprecated. In the future, promise rejections that are not handled will terminate the Node.js process with a non-zero exit code. {"user":"(node:15304) [DEP0018] DeprecationWarning: Unhandled promise rejections are deprecated. In the future, promise rejections that are not handled will terminate the Node.js process with a non-zero exit code.","metadata":{"emulator":{"name":"functions"},"function":{"name":"api"},"message":"\u001b[90m> \u001b[39m (node:15304) [DEP0018] DeprecationWarning: Unhandled promise rejections are deprecated. In the future, promise rejections that are not handled will terminate the Node.js process with a non-zero exit code."}}
[debug] [2020-09-19T11:04:34.826Z] [work-queue] {"queueLength":1,"workRunningCount":1}
[debug] [2020-09-19T11:04:34.826Z] [work-queue] {"queueLength":0,"workRunningCount":2}
[debug] [2020-09-19T11:04:34.827Z] Accepted request POST /clone-bb3a3/us-central1/api/payments/create?total=59796 --> api
[debug] [2020-09-19T11:04:34.833Z] [worker-pool] addWorker(api) {"metadata":{"emulator":{"name":"functions"},"message":"[worker-pool] addWorker(api)"}}
[debug] [2020-09-19T11:04:34.834Z] [worker-pool] Adding worker with key api, total=2 {"metadata":{"emulator":{"name":"functions"},"message":"[worker-pool] Adding worker with key api, total=2"}}
[debug] [2020-09-19T11:04:34.834Z] [worker-pool] submitWork(triggerId=api) {"metadata":{"emulator":{"name":"functions"},"message":"[worker-pool] submitWork(triggerId=api)"}}
[debug] [2020-09-19T11:04:34.834Z] [worker-api-d2c5d891-9d38-471b-bfed-ce8ff6a1348b]: Assigning socketPath: \\?\pipe\C:\Users\gundu\webProjeler2020\amazon-clone\functions\6136 {"metadata":{"emulator":{"name":"functions"},"message":"[worker-api-d2c5d891-9d38-471b-bfed-ce8ff6a1348b]: Assigning socketPath: \\\\?\\pipe\\C:\\Users\\gundu\\webProjeler2020\\amazon-clone\\functions\\6136"}}
[debug] [2020-09-19T11:04:34.834Z] [worker-api-d2c5d891-9d38-471b-bfed-ce8ff6a1348b]: BUSY {"metadata":{"emulator":{"name":"functions"},"message":"[worker-api-d2c5d891-9d38-471b-bfed-ce8ff6a1348b]: BUSY"}}
[debug] [2020-09-19T11:04:35.914Z] [runtime-status] [6136] Functions runtime initialized. {"cwd":"C:\\Users\\gundu\\webProjeler2020\\amazon-clone\\functions","node_version":"12.13.0"} {"metadata":{"emulator":{"name":"functions"},"function":{"name":"api"},"message":"[runtime-status] [6136] Functions runtime initialized. {\"cwd\":\"C:\\\\Users\\\\gundu\\\\webProjeler2020\\\\amazon-clone\\\\functions\",\"node_version\":\"12.13.0\"}"}}
[debug] [2020-09-19T11:04:35.916Z] [runtime-status] [6136] Disabled runtime features: undefined {"metadata":{"emulator":{"name":"functions"},"function":{"name":"api"},"message":"[runtime-status] [6136] Disabled runtime features: undefined"}}
[debug] [2020-09-19T11:04:35.919Z] [runtime-status] [6136] Resolved module firebase-admin {"declared":true,"installed":true,"version":"8.13.0","resolution":"C:\\Users\\gundu\\webProjeler2020\\amazon-clone\\functions\\node_modules\\firebase-admin\\lib\\index.js"} {"metadata":{"emulator":{"name":"functions"},"function":{"name":"api"},"message":"[runtime-status] [6136] Resolved module firebase-admin {\"declared\":true,\"installed\":true,\"version\":\"8.13.0\",\"resolution\":\"C:\\\\Users\\\\gundu\\\\webProjeler2020\\\\amazon-clone\\\\functions\\\\node_modules\\\\firebase-admin\\\\lib\\\\index.js\"}"}}
[debug] [2020-09-19T11:04:35.922Z] [runtime-status] [6136] Resolved module firebase-functions {"declared":true,"installed":true,"version":"3.11.0","resolution":"C:\\Users\\gundu\\webProjeler2020\\amazon-clone\\functions\\node_modules\\firebase-functions\\lib\\index.js"} {"metadata":{"emulator":{"name":"functions"},"function":{"name":"api"},"message":"[runtime-status] [6136] Resolved module firebase-functions {\"declared\":true,\"installed\":true,\"version\":\"3.11.0\",\"resolution\":\"C:\\\\Users\\\\gundu\\\\webProjeler2020\\\\amazon-clone\\\\functions\\\\node_modules\\\\firebase-functions\\\\lib\\\\index.js\"}"}}
[debug] [2020-09-19T11:04:35.924Z] [runtime-status] [6136] Resolved module firebase-functions {"declared":true,"installed":true,"version":"3.11.0","resolution":"C:\\Users\\gundu\\webProjeler2020\\amazon-clone\\functions\\node_modules\\firebase-functions\\lib\\index.js"} {"metadata":{"emulator":{"name":"functions"},"function":{"name":"api"},"message":"[runtime-status] [6136] Resolved module firebase-functions {\"declared\":true,\"installed\":true,\"version\":\"3.11.0\",\"resolution\":\"C:\\\\Users\\\\gundu\\\\webProjeler2020\\\\amazon-clone\\\\functions\\\\node_modules\\\\firebase-functions\\\\lib\\\\index.js\"}"}}
[debug] [2020-09-19T11:04:35.928Z] [runtime-status] [6136] Outgoing network have been stubbed. [{"name":"http","status":"mocked"},{"name":"http","status":"mocked"},{"name":"https","status":"mocked"},{"name":"https","status":"mocked"},{"name":"net","status":"mocked"}] {"metadata":{"emulator":{"name":"functions"},"function":{"name":"api"},"message":"[runtime-status] [6136] Outgoing network have been stubbed. [{\"name\":\"http\",\"status\":\"mocked\"},{\"name\":\"http\",\"status\":\"mocked\"},{\"name\":\"https\",\"status\":\"mocked\"},{\"name\":\"https\",\"status\":\"mocked\"},{\"name\":\"net\",\"status\":\"mocked\"}]"}}
[debug] [2020-09-19T11:04:35.929Z] [runtime-status] [6136] Resolved module firebase-functions {"declared":true,"installed":true,"version":"3.11.0","resolution":"C:\\Users\\gundu\\webProjeler2020\\amazon-clone\\functions\\node_modules\\firebase-functions\\lib\\index.js"} {"metadata":{"emulator":{"name":"functions"},"function":{"name":"api"},"message":"[runtime-status] [6136] Resolved module firebase-functions {\"declared\":true,\"installed\":true,\"version\":\"3.11.0\",\"resolution\":\"C:\\\\Users\\\\gundu\\\\webProjeler2020\\\\amazon-clone\\\\functions\\\\node_modules\\\\firebase-functions\\\\lib\\\\index.js\"}"}}
[debug] [2020-09-19T11:04:35.990Z] [runtime-status] [6136] Checked functions.config() {"config":{}} {"metadata":{"emulator":{"name":"functions"},"function":{"name":"api"},"message":"[runtime-status] [6136] Checked functions.config() {\"config\":{}}"}}
[debug] [2020-09-19T11:04:35.990Z] [runtime-status] [6136] firebase-functions has been stubbed. {"functionsResolution":{"declared":true,"installed":true,"version":"3.11.0","resolution":"C:\\Users\\gundu\\webProjeler2020\\amazon-clone\\functions\\node_modules\\firebase-functions\\lib\\index.js"}} {"metadata":{"emulator":{"name":"functions"},"function":{"name":"api"},"message":"[runtime-status] [6136] firebase-functions has been stubbed. {\"functionsResolution\":{\"declared\":true,\"installed\":true,\"version\":\"3.11.0\",\"resolution\":\"C:\\\\Users\\\\gundu\\\\webProjeler2020\\\\amazon-clone\\\\functions\\\\node_modules\\\\firebase-functions\\\\lib\\\\index.js\"}}"}}
[debug] [2020-09-19T11:04:35.991Z] [runtime-status] [6136] Resolved module firebase-functions {"declared":true,"installed":true,"version":"3.11.0","resolution":"C:\\Users\\gundu\\webProjeler2020\\amazon-clone\\functions\\node_modules\\firebase-functions\\lib\\index.js"} {"metadata":{"emulator":{"name":"functions"},"function":{"name":"api"},"message":"[runtime-status] [6136] Resolved module firebase-functions {\"declared\":true,\"installed\":true,\"version\":\"3.11.0\",\"resolution\":\"C:\\\\Users\\\\gundu\\\\webProjeler2020\\\\amazon-clone\\\\functions\\\\node_modules\\\\firebase-functions\\\\lib\\\\index.js\"}"}}
[debug] [2020-09-19T11:04:35.993Z] [runtime-status] [6136] Resolved module firebase-admin {"declared":true,"installed":true,"version":"8.13.0","resolution":"C:\\Users\\gundu\\webProjeler2020\\amazon-clone\\functions\\node_modules\\firebase-admin\\lib\\index.js"} {"metadata":{"emulator":{"name":"functions"},"function":{"name":"api"},"message":"[runtime-status] [6136] Resolved module firebase-admin {\"declared\":true,\"installed\":true,\"version\":\"8.13.0\",\"resolution\":\"C:\\\\Users\\\\gundu\\\\webProjeler2020\\\\amazon-clone\\\\functions\\\\node_modules\\\\firebase-admin\\\\lib\\\\index.js\"}"}}
[debug] [2020-09-19T11:04:35.993Z] [runtime-status] [6136] Resolved module firebase-functions {"declared":true,"installed":true,"version":"3.11.0","resolution":"C:\\Users\\gundu\\webProjeler2020\\amazon-clone\\functions\\node_modules\\firebase-functions\\lib\\index.js"} {"metadata":{"emulator":{"name":"functions"},"function":{"name":"api"},"message":"[runtime-status] [6136] Resolved module firebase-functions {\"declared\":true,\"installed\":true,\"version\":\"3.11.0\",\"resolution\":\"C:\\\\Users\\\\gundu\\\\webProjeler2020\\\\amazon-clone\\\\functions\\\\node_modules\\\\firebase-functions\\\\lib\\\\index.js\"}"}}
[debug] [2020-09-19T11:04:35.994Z] [runtime-status] [6136] firebase-admin has been stubbed. {"adminResolution":{"declared":true,"installed":true,"version":"8.13.0","resolution":"C:\\Users\\gundu\\webProjeler2020\\amazon-clone\\functions\\node_modules\\firebase-admin\\lib\\index.js"}} {"metadata":{"emulator":{"name":"functions"},"function":{"name":"api"},"message":"[runtime-status] [6136] firebase-admin has been stubbed. {\"adminResolution\":{\"declared\":true,\"installed\":true,\"version\":\"8.13.0\",\"resolution\":\"C:\\\\Users\\\\gundu\\\\webProjeler2020\\\\amazon-clone\\\\functions\\\\node_modules\\\\firebase-admin\\\\lib\\\\index.js\"}}"}}
[debug] [2020-09-19T11:04:36.256Z] [runtime-status] [6136] Trigger "api" has been found, beginning invocation! {"metadata":{"emulator":{"name":"functions"},"function":{"name":"api"},"message":"[runtime-status] [6136] Trigger \"api\" has been found, beginning invocation!"}}
[info] i  functions: Beginning execution of "api" {"metadata":{"emulator":{"name":"functions"},"function":{"name":"api"},"message":"Beginning execution of \"api\""}}
[debug] [2020-09-19T11:04:36.259Z] [runtime-status] [6136] triggerDefinition {"httpsTrigger":{},"name":"api","entryPoint":"api"} {"metadata":{"emulator":{"name":"functions"},"function":{"name":"api"},"message":"[runtime-status] [6136] triggerDefinition {\"httpsTrigger\":{},\"name\":\"api\",\"entryPoint\":\"api\"}"}}
[debug] [2020-09-19T11:04:36.259Z] [runtime-status] [6136] Running api in mode HTTPS {"metadata":{"emulator":{"name":"functions"},"function":{"name":"api"},"message":"[runtime-status] [6136] Running api in mode HTTPS"}}
[debug] [2020-09-19T11:04:36.265Z] [runtime-status] [6136] Attempting to listen to socketPath: \\?\pipe\C:\Users\gundu\webProjeler2020\amazon-clone\functions\6136 {"metadata":{"emulator":{"name":"functions"},"function":{"name":"api"},"message":"[runtime-status] [6136] Attempting to listen to socketPath: \\\\?\\pipe\\C:\\Users\\gundu\\webProjeler2020\\amazon-clone\\functions\\6136"}}
[debug] [2020-09-19T11:04:36.270Z] [functions] Runtime ready! Sending request! {"metadata":{"emulator":{"name":"functions"},"message":"[functions] Runtime ready! Sending request!"}}
[debug] [2020-09-19T11:04:36.309Z] [runtime-status] [6136] Ephemeral server handling POST request {"metadata":{"emulator":{"name":"functions"},"function":{"name":"api"},"message":"[runtime-status] [6136] Ephemeral server handling POST request"}}
[info] >  Payment Request Recieved BOOM!!! for this amount >>>  59796 {"user":"Payment Request Recieved BOOM!!! for this amount >>>  59796","metadata":{"emulator":{"name":"functions"},"function":{"name":"api"},"message":"\u001b[90m> \u001b[39m Payment Request Recieved BOOM!!! for this amount >>>  59796"}}
[debug] [2020-09-19T11:04:36.330Z] [runtime-status] [6136] Ephemeral server survived. {"metadata":{"emulator":{"name":"functions"},"function":{"name":"api"},"message":"[runtime-status] [6136] Ephemeral server survived."}}
[info] i  functions: Finished "api" in ~1s {"metadata":{"emulator":{"name":"functions"},"function":{"name":"api"},"message":"Finished \"api\" in ~1s"}}
[debug] [2020-09-19T11:04:37.214Z] [worker-api-d2c5d891-9d38-471b-bfed-ce8ff6a1348b]: IDLE {"metadata":{"emulator":{"name":"functions"},"message":"[worker-api-d2c5d891-9d38-471b-bfed-ce8ff6a1348b]: IDLE"}}
[debug] [2020-09-19T11:04:37.214Z] [work-queue] {"queueLength":0,"workRunningCount":1}
[warn] !  functions: Your function timed out after ~60s. To configure this timeout, see
      https://firebase.google.com/docs/functions/manage-functions#set_timeout_and_memory_allocation. {"metadata":{"emulator":{"name":"functions"},"function":{"name":"api"},"message":"Your function timed out after ~60s. To configure this timeout, see\n      https://firebase.google.com/docs/functions/manage-functions#set_timeout_and_memory_allocation."}}
[info] >  C:\Users\gundu\AppData\Roaming\npm\node_modules\firebase-tools\lib\emulator\functionsEmulatorRuntime.js:642 {"user":"C:\\Users\\gundu\\AppData\\Roaming\\npm\\node_modules\\firebase-tools\\lib\\emulator\\functionsEmulatorRuntime.js:642\r","metadata":{"emulator":{"name":"functions"},"function":{"name":"api"},"message":"\u001b[90m> \u001b[39m C:\\Users\\gundu\\AppData\\Roaming\\npm\\node_modules\\firebase-tools\\lib\\emulator\\functionsEmulatorRuntime.js:642\r"}}
[debug] [2020-09-19T11:05:11.133Z] [worker-api-01ce1cf5-5109-4af3-a6a8-d12dace02093]: exited {"metadata":{"emulator":{"name":"functions"},"message":"[worker-api-01ce1cf5-5109-4af3-a6a8-d12dace02093]: exited"}}
[debug] [2020-09-19T11:05:11.133Z] [worker-api-01ce1cf5-5109-4af3-a6a8-d12dace02093]: FINISHED {"metadata":{"emulator":{"name":"functions"},"message":"[worker-api-01ce1cf5-5109-4af3-a6a8-d12dace02093]: FINISHED"}}
[debug] [2020-09-19T11:05:11.134Z] [work-queue] {"queueLength":0,"workRunningCount":0}
[debug] [2020-09-19T11:53:21.722Z] [work-queue] {"queueLength":1,"workRunningCount":0}
[debug] [2020-09-19T11:53:21.722Z] [work-queue] {"queueLength":0,"workRunningCount":1}
[debug] [2020-09-19T11:53:21.722Z] Accepted request POST /clone-bb3a3/us-central1/api/payments/create?total=199295 --> api
[debug] [2020-09-19T11:53:21.723Z] [worker-pool] Cleaned up workers for api: 2 --> 1 {"metadata":{"emulator":{"name":"functions"},"message":"[worker-pool] Cleaned up workers for api: 2 --> 1"}}
[debug] [2020-09-19T11:53:21.723Z] [worker-pool] submitWork(triggerId=api) {"metadata":{"emulator":{"name":"functions"},"message":"[worker-pool] submitWork(triggerId=api)"}}
[debug] [2020-09-19T11:53:21.723Z] [worker-api-d2c5d891-9d38-471b-bfed-ce8ff6a1348b]: Assigning socketPath: \\?\pipe\C:\Users\gundu\webProjeler2020\amazon-clone\functions\6136 {"metadata":{"emulator":{"name":"functions"},"message":"[worker-api-d2c5d891-9d38-471b-bfed-ce8ff6a1348b]: Assigning socketPath: \\\\?\\pipe\\C:\\Users\\gundu\\webProjeler2020\\amazon-clone\\functions\\6136"}}
[debug] [2020-09-19T11:53:21.723Z] [worker-api-d2c5d891-9d38-471b-bfed-ce8ff6a1348b]: BUSY {"metadata":{"emulator":{"name":"functions"},"message":"[worker-api-d2c5d891-9d38-471b-bfed-ce8ff6a1348b]: BUSY"}}
[debug] [2020-09-19T11:53:21.724Z] [runtime-status] [6136] Trigger "api" has been found, beginning invocation! {"metadata":{"emulator":{"name":"functions"},"function":{"name":"api"},"message":"[runtime-status] [6136] Trigger \"api\" has been found, beginning invocation!"}}
[info] i  functions: Beginning execution of "api" {"metadata":{"emulator":{"name":"functions"},"function":{"name":"api"},"message":"Beginning execution of \"api\""}}
[debug] [2020-09-19T11:53:21.726Z] [runtime-status] [6136] triggerDefinition {"httpsTrigger":{},"name":"api","entryPoint":"api"} {"metadata":{"emulator":{"name":"functions"},"function":{"name":"api"},"message":"[runtime-status] [6136] triggerDefinition {\"httpsTrigger\":{},\"name\":\"api\",\"entryPoint\":\"api\"}"}}
[debug] [2020-09-19T11:53:21.726Z] [runtime-status] [6136] Running api in mode HTTPS {"metadata":{"emulator":{"name":"functions"},"function":{"name":"api"},"message":"[runtime-status] [6136] Running api in mode HTTPS"}}
[debug] [2020-09-19T11:53:21.727Z] [runtime-status] [6136] Attempting to listen to socketPath: \\?\pipe\C:\Users\gundu\webProjeler2020\amazon-clone\functions\6136 {"metadata":{"emulator":{"name":"functions"},"function":{"name":"api"},"message":"[runtime-status] [6136] Attempting to listen to socketPath: \\\\?\\pipe\\C:\\Users\\gundu\\webProjeler2020\\amazon-clone\\functions\\6136"}}
[debug] [2020-09-19T11:53:21.781Z] [functions] Runtime ready! Sending request! {"metadata":{"emulator":{"name":"functions"},"message":"[functions] Runtime ready! Sending request!"}}
[debug] [2020-09-19T11:53:21.785Z] [runtime-status] [6136] Ephemeral server handling POST request {"metadata":{"emulator":{"name":"functions"},"function":{"name":"api"},"message":"[runtime-status] [6136] Ephemeral server handling POST request"}}
[info] >  Payment Request Recieved BOOM!!! for this amount >>>  199295 {"user":"Payment Request Recieved BOOM!!! for this amount >>>  199295","metadata":{"emulator":{"name":"functions"},"function":{"name":"api"},"message":"\u001b[90m> \u001b[39m Payment Request Recieved BOOM!!! for this amount >>>  199295"}}
[debug] [2020-09-19T11:53:21.789Z] [runtime-status] [6136] Ephemeral server survived. {"metadata":{"emulator":{"name":"functions"},"function":{"name":"api"},"message":"[runtime-status] [6136] Ephemeral server survived."}}
[info] i  functions: Finished "api" in ~1s {"metadata":{"emulator":{"name":"functions"},"function":{"name":"api"},"message":"Finished \"api\" in ~1s"}}
[debug] [2020-09-19T11:53:22.510Z] [worker-api-d2c5d891-9d38-471b-bfed-ce8ff6a1348b]: IDLE {"metadata":{"emulator":{"name":"functions"},"message":"[worker-api-d2c5d891-9d38-471b-bfed-ce8ff6a1348b]: IDLE"}}
[debug] [2020-09-19T11:53:22.510Z] [work-queue] {"queueLength":0,"workRunningCount":0}
